<?xml version="1.0" encoding="UTF-8"?>
<testsuite xmlns:xsi="http://www.w3.org/2001/XMLSchema-instance" xsi:noNamespaceSchemaLocation="https://maven.apache.org/surefire/maven-surefire-plugin/xsd/surefire-test-report.xsd" name="com.example.LionTest" time="0.002" tests="6" errors="0" skipped="0" failures="0">
  <properties>
[...]
</properties>
  <testcase name="constructorThrowsExceptionForInvalidSex" classname="com.example.LionTest" time="0"/>
  <testcase name="getKittensReturnsValueFromFelineActions" classname="com.example.LionTest" time="0"/>
  <testcase name="doesHaveManeReturnsFalseForFemale" classname="com.example.LionTest" time="0"/>
  <testcase name="getFoodReturnsMeatIfPredator" classname="com.example.LionTest" time="0.001"/>
  <testcase name="doesHaveManeReturnsTrueForMale" classname="com.example.LionTest" time="0"/>
  <testcase name="getFoodThrowsExceptionIfNotPredator" classname="com.example.LionTest" time="0"/>
</testsuite>